<?xml version="1.0" encoding="UTF-8"?>
<!-- Generated by org.testng.reporters.JUnitReportReporter -->
<testsuite hostname="PP-PC" failures="0" tests="2" name="API_PROJECT.com.org.api.weatherget" time="17.138" errors="0" timestamp="12 May 2020 11:07:22 GMT" skipped="0">
  <testcase classname="API_PROJECT.com.org.api.weatherget" name="Test001" time="11.251"/>
  <testcase classname="API_PROJECT.com.org.api.weatherget" name="Test002" time="5.887"/>
</testsuite> <!-- API_PROJECT.com.org.api.weatherget -->
